app/build/intermediates/manifest_merge_blame_file/debug/manifest-merger-blame-debug-report.txt
1<?xml version="1.0" encoding="utf-8"?>
2<manifest xmlns:android="http://schemas.android.com/apk/res/android"
3    package="com.iamdevnitesh.anpr"
4    android:versionCode="1"
5    android:versionName="1.0" >
6
7    <uses-sdk
8        android:minSdkVersion="21"
8-->src\main\AndroidManifest.xml
9        android:targetSdkVersion="33" />
9-->src\main\AndroidManifest.xml
10    <!-- INTERNET ACCESS -->
11    <uses-permission android:name="android.permission.INTERNET" /> <!-- READ & WRITE -->
11-->src\main\AndroidManifest.xml:5:5-67
11-->src\main\AndroidManifest.xml:5:22-64
12    <uses-permission android:name="android.permission.READ_EXTERNAL_STORAGE" />
12-->src\main\AndroidManifest.xml:6:5-80
12-->src\main\AndroidManifest.xml:6:22-77
13    <uses-permission android:name="android.permission.WRITE_EXTERNAL_STORAGE" />
13-->src\main\AndroidManifest.xml:7:5-81
13-->src\main\AndroidManifest.xml:7:22-78
14    <uses-permission android:name="android.permission.MANAGE_EXTERNAL_STORAGE" />
14-->src\main\AndroidManifest.xml:8:5-81
14-->src\main\AndroidManifest.xml:8:22-79
15    <uses-permission android:name="android.permission.ACCESS_NETWORK_STATE" />
15-->[com.google.firebase:firebase-auth:21.1.0] AndroidManifest.xml:24:5-79
15-->[com.google.firebase:firebase-auth:21.1.0] AndroidManifest.xml:24:22-76
16
17    <application
17-->src\main\AndroidManifest.xml:10:5-49:19
18        android:allowBackup="true"
18-->src\main\AndroidManifest.xml:11:9-35
19        android:appComponentFactory="androidx.core.app.CoreComponentFactory"
19-->[androidx.core:core:1.8.0] AndroidManifest.xml:24:18-86
20        android:dataExtractionRules="@xml/data_extraction_rules"
20-->src\main\AndroidManifest.xml:13:9-65
21        android:debuggable="true"
22        android:fullBackupContent="@xml/backup_rules"
22-->src\main\AndroidManifest.xml:14:9-54
23        android:icon="@mipmap/ic_launcher"
23-->src\main\AndroidManifest.xml:15:9-43
24        android:label="@string/app_name"
24-->src\main\AndroidManifest.xml:16:9-41
25        android:requestLegacyExternalStorage="true"
25-->src\main\AndroidManifest.xml:12:9-52
26        android:roundIcon="@mipmap/ic_launcher_round"
26-->src\main\AndroidManifest.xml:17:9-54
27        android:supportsRtl="true"
27-->src\main\AndroidManifest.xml:18:9-35
28        android:testOnly="true"
29        android:theme="@style/Theme.ANPR"
29-->src\main\AndroidManifest.xml:19:9-42
30        android:usesCleartextTraffic="true" >
30-->src\main\AndroidManifest.xml:20:9-44
31        <activity
31-->src\main\AndroidManifest.xml:22:9-28:20
32            android:name="com.iamdevnitesh.anpr.activity.AddUserActivity"
32-->src\main\AndroidManifest.xml:23:13-53
33            android:exported="false" >
33-->src\main\AndroidManifest.xml:24:13-37
34            <meta-data
34-->src\main\AndroidManifest.xml:25:13-27:36
35                android:name="android.app.lib_name"
35-->src\main\AndroidManifest.xml:26:17-52
36                android:value="" />
36-->src\main\AndroidManifest.xml:27:17-33
37        </activity>
38        <activity
38-->src\main\AndroidManifest.xml:29:9-35:20
39            android:name="com.iamdevnitesh.anpr.activity.LoginActivity"
39-->src\main\AndroidManifest.xml:30:13-51
40            android:exported="false" >
40-->src\main\AndroidManifest.xml:31:13-37
41            <meta-data
41-->src\main\AndroidManifest.xml:25:13-27:36
42                android:name="android.app.lib_name"
42-->src\main\AndroidManifest.xml:26:17-52
43                android:value="" />
43-->src\main\AndroidManifest.xml:27:17-33
44        </activity>
45        <activity
45-->src\main\AndroidManifest.xml:36:9-48:20
46            android:name="com.iamdevnitesh.anpr.activity.MainActivity"
46-->src\main\AndroidManifest.xml:37:13-50
47            android:exported="true" >
47-->src\main\AndroidManifest.xml:38:13-36
48            <intent-filter>
48-->src\main\AndroidManifest.xml:39:13-43:29
49                <action android:name="android.intent.action.MAIN" />
49-->src\main\AndroidManifest.xml:40:17-69
49-->src\main\AndroidManifest.xml:40:25-66
50
51                <category android:name="android.intent.category.LAUNCHER" />
51-->src\main\AndroidManifest.xml:42:17-77
51-->src\main\AndroidManifest.xml:42:27-74
52            </intent-filter>
53
54            <meta-data
54-->src\main\AndroidManifest.xml:25:13-27:36
55                android:name="android.app.lib_name"
55-->src\main\AndroidManifest.xml:26:17-52
56                android:value="" />
56-->src\main\AndroidManifest.xml:27:17-33
57        </activity>
58        <activity
58-->[com.google.firebase:firebase-auth:21.1.0] AndroidManifest.xml:27:9-44:20
59            android:name="com.google.firebase.auth.internal.GenericIdpActivity"
59-->[com.google.firebase:firebase-auth:21.1.0] AndroidManifest.xml:28:13-80
60            android:excludeFromRecents="true"
60-->[com.google.firebase:firebase-auth:21.1.0] AndroidManifest.xml:29:13-46
61            android:exported="true"
61-->[com.google.firebase:firebase-auth:21.1.0] AndroidManifest.xml:30:13-36
62            android:launchMode="singleTask"
62-->[com.google.firebase:firebase-auth:21.1.0] AndroidManifest.xml:31:13-44
63            android:theme="@android:style/Theme.Translucent.NoTitleBar" >
63-->[com.google.firebase:firebase-auth:21.1.0] AndroidManifest.xml:32:13-72
64            <intent-filter>
64-->[com.google.firebase:firebase-auth:21.1.0] AndroidManifest.xml:33:13-43:29
65                <action android:name="android.intent.action.VIEW" />
65-->[com.google.firebase:firebase-auth:21.1.0] AndroidManifest.xml:34:17-69
65-->[com.google.firebase:firebase-auth:21.1.0] AndroidManifest.xml:34:25-66
66
67                <category android:name="android.intent.category.DEFAULT" />
67-->[com.google.firebase:firebase-auth:21.1.0] AndroidManifest.xml:36:17-76
67-->[com.google.firebase:firebase-auth:21.1.0] AndroidManifest.xml:36:27-73
68                <category android:name="android.intent.category.BROWSABLE" />
68-->[com.google.firebase:firebase-auth:21.1.0] AndroidManifest.xml:37:17-78
68-->[com.google.firebase:firebase-auth:21.1.0] AndroidManifest.xml:37:27-75
69
70                <data
70-->[com.google.firebase:firebase-auth:21.1.0] AndroidManifest.xml:39:17-42:51
71                    android:host="firebase.auth"
71-->[com.google.firebase:firebase-auth:21.1.0] AndroidManifest.xml:40:21-49
72                    android:path="/"
72-->[com.google.firebase:firebase-auth:21.1.0] AndroidManifest.xml:41:21-37
73                    android:scheme="genericidp" />
73-->[com.google.firebase:firebase-auth:21.1.0] AndroidManifest.xml:42:21-48
74            </intent-filter>
75        </activity>
76        <activity
76-->[com.google.firebase:firebase-auth:21.1.0] AndroidManifest.xml:45:9-62:20
77            android:name="com.google.firebase.auth.internal.RecaptchaActivity"
77-->[com.google.firebase:firebase-auth:21.1.0] AndroidManifest.xml:46:13-79
78            android:excludeFromRecents="true"
78-->[com.google.firebase:firebase-auth:21.1.0] AndroidManifest.xml:47:13-46
79            android:exported="true"
79-->[com.google.firebase:firebase-auth:21.1.0] AndroidManifest.xml:48:13-36
80            android:launchMode="singleTask"
80-->[com.google.firebase:firebase-auth:21.1.0] AndroidManifest.xml:49:13-44
81            android:theme="@android:style/Theme.Translucent.NoTitleBar" >
81-->[com.google.firebase:firebase-auth:21.1.0] AndroidManifest.xml:50:13-72
82            <intent-filter>
82-->[com.google.firebase:firebase-auth:21.1.0] AndroidManifest.xml:51:13-61:29
83                <action android:name="android.intent.action.VIEW" />
83-->[com.google.firebase:firebase-auth:21.1.0] AndroidManifest.xml:34:17-69
83-->[com.google.firebase:firebase-auth:21.1.0] AndroidManifest.xml:34:25-66
84
85                <category android:name="android.intent.category.DEFAULT" />
85-->[com.google.firebase:firebase-auth:21.1.0] AndroidManifest.xml:36:17-76
85-->[com.google.firebase:firebase-auth:21.1.0] AndroidManifest.xml:36:27-73
86                <category android:name="android.intent.category.BROWSABLE" />
86-->[com.google.firebase:firebase-auth:21.1.0] AndroidManifest.xml:37:17-78
86-->[com.google.firebase:firebase-auth:21.1.0] AndroidManifest.xml:37:27-75
87
88                <data
88-->[com.google.firebase:firebase-auth:21.1.0] AndroidManifest.xml:39:17-42:51
89                    android:host="firebase.auth"
89-->[com.google.firebase:firebase-auth:21.1.0] AndroidManifest.xml:40:21-49
90                    android:path="/"
90-->[com.google.firebase:firebase-auth:21.1.0] AndroidManifest.xml:41:21-37
91                    android:scheme="recaptcha" />
91-->[com.google.firebase:firebase-auth:21.1.0] AndroidManifest.xml:42:21-48
92            </intent-filter>
93        </activity>
94
95        <service
95-->[com.google.firebase:firebase-auth:21.1.0] AndroidManifest.xml:64:9-70:19
96            android:name="com.google.firebase.components.ComponentDiscoveryService"
96-->[com.google.firebase:firebase-auth:21.1.0] AndroidManifest.xml:65:13-84
97            android:directBootAware="true"
97-->[com.google.firebase:firebase-common:20.2.0] AndroidManifest.xml:34:13-43
98            android:exported="false" >
98-->[com.google.firebase:firebase-auth:21.1.0] AndroidManifest.xml:66:13-37
99            <meta-data
99-->[com.google.firebase:firebase-auth:21.1.0] AndroidManifest.xml:67:13-69:85
100                android:name="com.google.firebase.components:com.google.firebase.auth.FirebaseAuthRegistrar"
100-->[com.google.firebase:firebase-auth:21.1.0] AndroidManifest.xml:68:17-109
101                android:value="com.google.firebase.components.ComponentRegistrar" />
101-->[com.google.firebase:firebase-auth:21.1.0] AndroidManifest.xml:69:17-82
102            <meta-data
102-->[com.google.firebase:firebase-database:20.1.0] AndroidManifest.xml:31:13-33:85
103                android:name="com.google.firebase.components:com.google.firebase.database.DatabaseRegistrar"
103-->[com.google.firebase:firebase-database:20.1.0] AndroidManifest.xml:32:17-109
104                android:value="com.google.firebase.components.ComponentRegistrar" />
104-->[com.google.firebase:firebase-database:20.1.0] AndroidManifest.xml:33:17-82
105            <meta-data
105-->[com.google.firebase:firebase-storage:20.1.0] AndroidManifest.xml:32:13-34:85
106                android:name="com.google.firebase.components:com.google.firebase.storage.StorageRegistrar"
106-->[com.google.firebase:firebase-storage:20.1.0] AndroidManifest.xml:33:17-107
107                android:value="com.google.firebase.components.ComponentRegistrar" />
107-->[com.google.firebase:firebase-storage:20.1.0] AndroidManifest.xml:34:17-82
108        </service>
109
110        <provider
110-->[com.squareup.picasso:picasso:2.8] AndroidManifest.xml:8:9-11:40
111            android:name="com.squareup.picasso.PicassoProvider"
111-->[com.squareup.picasso:picasso:2.8] AndroidManifest.xml:9:13-64
112            android:authorities="com.iamdevnitesh.anpr.com.squareup.picasso"
112-->[com.squareup.picasso:picasso:2.8] AndroidManifest.xml:10:13-72
113            android:exported="false" />
113-->[com.squareup.picasso:picasso:2.8] AndroidManifest.xml:11:13-37
114        <provider
114-->[com.google.firebase:firebase-common:20.2.0] AndroidManifest.xml:25:9-30:39
115            android:name="com.google.firebase.provider.FirebaseInitProvider"
115-->[com.google.firebase:firebase-common:20.2.0] AndroidManifest.xml:26:13-77
116            android:authorities="com.iamdevnitesh.anpr.firebaseinitprovider"
116-->[com.google.firebase:firebase-common:20.2.0] AndroidManifest.xml:27:13-72
117            android:directBootAware="true"
117-->[com.google.firebase:firebase-common:20.2.0] AndroidManifest.xml:28:13-43
118            android:exported="false"
118-->[com.google.firebase:firebase-common:20.2.0] AndroidManifest.xml:29:13-37
119            android:initOrder="100" />
119-->[com.google.firebase:firebase-common:20.2.0] AndroidManifest.xml:30:13-36
120
121        <activity
121-->[com.google.android.gms:play-services-base:18.0.1] AndroidManifest.xml:20:9-22:45
122            android:name="com.google.android.gms.common.api.GoogleApiActivity"
122-->[com.google.android.gms:play-services-base:18.0.1] AndroidManifest.xml:20:19-85
123            android:exported="false"
123-->[com.google.android.gms:play-services-base:18.0.1] AndroidManifest.xml:22:19-43
124            android:theme="@android:style/Theme.Translucent.NoTitleBar" />
124-->[com.google.android.gms:play-services-base:18.0.1] AndroidManifest.xml:21:19-78
125
126        <meta-data
126-->[com.google.android.gms:play-services-basement:18.1.0] AndroidManifest.xml:21:9-23:69
127            android:name="com.google.android.gms.version"
127-->[com.google.android.gms:play-services-basement:18.1.0] AndroidManifest.xml:22:13-58
128            android:value="@integer/google_play_services_version" />
128-->[com.google.android.gms:play-services-basement:18.1.0] AndroidManifest.xml:23:13-66
129
130        <provider
130-->[androidx.emoji2:emoji2:1.2.0] AndroidManifest.xml:24:9-32:20
131            android:name="androidx.startup.InitializationProvider"
131-->[androidx.emoji2:emoji2:1.2.0] AndroidManifest.xml:25:13-67
132            android:authorities="com.iamdevnitesh.anpr.androidx-startup"
132-->[androidx.emoji2:emoji2:1.2.0] AndroidManifest.xml:26:13-68
133            android:exported="false" >
133-->[androidx.emoji2:emoji2:1.2.0] AndroidManifest.xml:27:13-37
134            <meta-data
134-->[androidx.emoji2:emoji2:1.2.0] AndroidManifest.xml:29:13-31:52
135                android:name="androidx.emoji2.text.EmojiCompatInitializer"
135-->[androidx.emoji2:emoji2:1.2.0] AndroidManifest.xml:30:17-75
136                android:value="androidx.startup" />
136-->[androidx.emoji2:emoji2:1.2.0] AndroidManifest.xml:31:17-49
137            <meta-data
137-->[androidx.lifecycle:lifecycle-process:2.4.1] AndroidManifest.xml:31:13-33:52
138                android:name="androidx.lifecycle.ProcessLifecycleInitializer"
138-->[androidx.lifecycle:lifecycle-process:2.4.1] AndroidManifest.xml:32:17-78
139                android:value="androidx.startup" />
139-->[androidx.lifecycle:lifecycle-process:2.4.1] AndroidManifest.xml:33:17-49
140        </provider>
141    </application>
142
143</manifest>